<?xml version="1.0" encoding="UTF-8"?>
<testsuite name="UserDaoTests" tests="4" skipped="0" failures="0" errors="0" timestamp="2023-04-14T08:02:42" hostname="sanui-MacBookPro.local" time="0.326">
  <properties/>
  <testcase name="delete()" classname="UserDaoTests" time="0.228"/>
  <testcase name="insert()" classname="UserDaoTests" time="0.032"/>
  <testcase name="update()" classname="UserDaoTests" time="0.05"/>
  <testcase name="get()" classname="UserDaoTests" time="0.015"/>
  <system-out><![CDATA[]]></system-out>
  <system-err><![CDATA[]]></system-err>
</testsuite>
