<?xml version="1.0" encoding="UTF-8"?>
<testsuite name="UserDaoTests" tests="2" skipped="0" failures="0" errors="0" timestamp="2023-03-31T09:03:48" hostname="sanui-MacBookPro.local" time="0.221">
  <properties/>
  <testcase name="insert()" classname="UserDaoTests" time="0.206"/>
  <testcase name="get()" classname="UserDaoTests" time="0.015"/>
  <system-out><![CDATA[]]></system-out>
  <system-err><![CDATA[]]></system-err>
</testsuite>
