<?xml version="1.0" encoding="UTF-8"?>
<testsuite name="UserDaoTests" tests="4" skipped="0" failures="0" errors="0" timestamp="2023-04-17T19:49:45" hostname="sanui-MacBookPro.local" time="0.311">
  <properties/>
  <testcase name="delete()" classname="UserDaoTests" time="0.221"/>
  <testcase name="insert()" classname="UserDaoTests" time="0.033"/>
  <testcase name="update()" classname="UserDaoTests" time="0.043"/>
  <testcase name="get()" classname="UserDaoTests" time="0.011"/>
  <system-out><![CDATA[]]></system-out>
  <system-err><![CDATA[]]></system-err>
</testsuite>
