<?xml version="1.0" encoding="UTF-8"?>
<testsuite name="UserDaoTests" tests="1" skipped="0" failures="0" errors="0" timestamp="2023-03-17T09:30:59" hostname="sanui-MacBookPro.local" time="0.193">
  <properties/>
  <testcase name="get()" classname="UserDaoTests" time="0.193"/>
  <system-out><![CDATA[]]></system-out>
  <system-err><![CDATA[]]></system-err>
</testsuite>
